21-Apr-2020 17:15:08.523 INFO [main] org.apache.catalina.core.ApplicationContext.log ContextListener: contextInitialized()
21-Apr-2020 17:15:08.523 INFO [main] org.apache.catalina.core.ApplicationContext.log SessionListener: contextInitialized()
21-Apr-2020 17:15:08.524 INFO [main] org.apache.catalina.core.ApplicationContext.log ContextListener: attributeAdded('StockTicker', 'async.Stockticker@2f4948e4')
21-Apr-2020 17:15:08.567 INFO [main] org.apache.catalina.core.ApplicationContext.log SessionListener: contextDestroyed()
21-Apr-2020 17:15:08.567 INFO [main] org.apache.catalina.core.ApplicationContext.log ContextListener: contextDestroyed()
21-Apr-2020 17:19:03.352 INFO [main] org.apache.catalina.core.ApplicationContext.log ContextListener: contextInitialized()
21-Apr-2020 17:19:03.352 INFO [main] org.apache.catalina.core.ApplicationContext.log SessionListener: contextInitialized()
21-Apr-2020 17:19:03.352 INFO [main] org.apache.catalina.core.ApplicationContext.log ContextListener: attributeAdded('StockTicker', 'async.Stockticker@2f4948e4')
21-Apr-2020 17:19:03.410 INFO [main] org.apache.catalina.core.ApplicationContext.log SessionListener: contextDestroyed()
21-Apr-2020 17:19:03.410 INFO [main] org.apache.catalina.core.ApplicationContext.log ContextListener: contextDestroyed()
21-Apr-2020 18:50:42.441 INFO [main] org.apache.catalina.core.ApplicationContext.log ContextListener: contextInitialized()
21-Apr-2020 18:50:42.441 INFO [main] org.apache.catalina.core.ApplicationContext.log SessionListener: contextInitialized()
21-Apr-2020 18:50:42.442 INFO [main] org.apache.catalina.core.ApplicationContext.log ContextListener: attributeAdded('StockTicker', 'async.Stockticker@2f4948e4')
21-Apr-2020 18:50:42.495 INFO [main] org.apache.catalina.core.ApplicationContext.log SessionListener: contextDestroyed()
21-Apr-2020 18:50:42.495 INFO [main] org.apache.catalina.core.ApplicationContext.log ContextListener: contextDestroyed()
21-Apr-2020 18:53:37.128 INFO [main] org.apache.catalina.core.ApplicationContext.log ContextListener: contextInitialized()
21-Apr-2020 18:53:37.128 INFO [main] org.apache.catalina.core.ApplicationContext.log SessionListener: contextInitialized()
21-Apr-2020 18:53:37.129 INFO [main] org.apache.catalina.core.ApplicationContext.log ContextListener: attributeAdded('StockTicker', 'async.Stockticker@2f4948e4')
21-Apr-2020 18:53:37.165 INFO [main] org.apache.catalina.core.ApplicationContext.log SessionListener: contextDestroyed()
21-Apr-2020 18:53:37.166 INFO [main] org.apache.catalina.core.ApplicationContext.log ContextListener: contextDestroyed()
21-Apr-2020 19:04:05.895 INFO [main] org.apache.catalina.core.ApplicationContext.log ContextListener: contextInitialized()
21-Apr-2020 19:04:05.895 INFO [main] org.apache.catalina.core.ApplicationContext.log SessionListener: contextInitialized()
21-Apr-2020 19:04:05.896 INFO [main] org.apache.catalina.core.ApplicationContext.log ContextListener: attributeAdded('StockTicker', 'async.Stockticker@682b2fa')
